<?xml version="1.0" encoding="UTF-8"?>
<!-- Generated by org.testng.reporters.JUnitReportReporter -->
<testsuite hostname="Aakanksha" failures="0" tests="2" name="include_Exclude.Login" time="0.014" errors="0" timestamp="2024-02-18T19:01:33 IST" skipped="0">
  <testcase classname="include_Exclude.Login" name="loginApp" time="0.005">
    <system-out>
      <![CDATA[Login is working  ]]>
    </system-out>
  </testcase> <!-- loginApp -->
  <testcase classname="include_Exclude.Login" name="LoginverifyApp" time="0.009">
    <system-out>
      <![CDATA[Login App process is working ]]>
    </system-out>
  </testcase> <!-- LoginverifyApp -->
  <system-out>
    <![CDATA[Logout linkis working fine 
Logout successful 
Login App process is working 
Login is working  
Launch URL is working 
Launch is working fine 
Home page of App is working 
Home page verify ]]>
  </system-out>
</testsuite> <!-- include_Exclude.Login -->
