<?xml version="1.0" encoding="UTF-8"?>
<!-- Generated by org.testng.reporters.JUnitReportReporter -->
<testsuite hostname="Aakanksha" failures="0" tests="2" name="include_Exlude.Logout" time="0.025" errors="0" timestamp="2024-02-16T15:46:13 IST" skipped="0">
  <testcase classname="include_Exlude.Logout" name="logoutApp" time="0.015">
    <system-out>
      <![CDATA[Logout linkis working fine ]]>
    </system-out>
  </testcase> <!-- logoutApp -->
  <testcase classname="include_Exlude.Logout" name="verifylogout" time="0.010">
    <system-out>
      <![CDATA[Logout successful ]]>
    </system-out>
  </testcase> <!-- verifylogout -->
  <system-out>
    <![CDATA[Logout linkis working fine 
Logout successful ]]>
  </system-out>
</testsuite> <!-- include_Exlude.Logout -->
