<?xml version="1.0" encoding="UTF-8"?>
<!-- Generated by org.testng.reporters.JUnitReportReporter -->
<testsuite hostname="Aakanksha" failures="0" tests="3" name="com.Test.TestNg1" time="0.024" errors="0" timestamp="2024-02-14T13:40:26 IST" skipped="0">
  <testcase classname="com.Test.TestNg1" name="CreateAccount" time="0.016">
    <system-out>
      <![CDATA[Create account method executed]]>
    </system-out>
  </testcase> <!-- CreateAccount -->
  <testcase classname="com.Test.TestNg1" name="Delete" time="0.004">
    <system-out>
      <![CDATA[Create delet method executed]]>
    </system-out>
  </testcase> <!-- Delete -->
  <testcase classname="com.Test.TestNg1" name="Edit" time="0.004">
    <system-out>
      <![CDATA[Create Edit method executed]]>
    </system-out>
  </testcase> <!-- Edit -->
  <system-out>
    <![CDATA[Create account method executed
Create delet method executed
Create Edit method executed]]>
  </system-out>
</testsuite> <!-- com.Test.TestNg1 -->
