<?xml version="1.0" encoding="UTF-8"?>
<!-- Generated by org.testng.reporters.JUnitReportReporter -->
<testsuite hostname="Aakanksha" failures="0" tests="5" name="com.Test.Test_Script3" time="0.051" errors="0" timestamp="2024-02-18T12:47:21 IST" skipped="0">
  <testcase classname="com.Test.Test_Script3" name="m5" time="0.003">
    <system-out>
      <![CDATA[M5 method is Executed]]>
    </system-out>
  </testcase> <!-- m5 -->
  <testcase classname="com.Test.Test_Script3" name="m1" time="0.032">
    <system-out>
      <![CDATA[M1 method is Executed]]>
    </system-out>
  </testcase> <!-- m1 -->
  <testcase classname="com.Test.Test_Script3" name="m4" time="0.005">
    <system-out>
      <![CDATA[M4 method is Executed]]>
    </system-out>
  </testcase> <!-- m4 -->
  <testcase classname="com.Test.Test_Script3" name="m2" time="0.006">
    <system-out>
      <![CDATA[M2 method is Executed]]>
    </system-out>
  </testcase> <!-- m2 -->
  <testcase classname="com.Test.Test_Script3" name="m3" time="0.005">
    <system-out>
      <![CDATA[M3 method is Executed]]>
    </system-out>
  </testcase> <!-- m3 -->
  <system-out>
    <![CDATA[M1 method is Executed
M2 method is Executed
M3 method is Executed
M4 method is Executed
M1 method is Executed
M2 method is Executed
M3 method is Executed
M4 method is Executed
M5 method is Executed
M5 method is Executed]]>
  </system-out>
</testsuite> <!-- com.Test.Test_Script3 -->
