<?xml version="1.0" encoding="UTF-8"?>
<!-- Generated by org.testng.reporters.JUnitReportReporter -->
<testsuite hostname="Aakanksha" failures="0" tests="2" name="com.Test.Test_scrip5" time="0.016" errors="0" timestamp="2024-02-18T12:48:47 IST" skipped="1">
  <testcase classname="com.Test.Test_scrip5" name="deletedAccount" time="0.016">
    <system-out>
      <![CDATA[updated method is Executed]]>
    </system-out>
  </testcase> <!-- deletedAccount -->
  <testcase classname="com.Test.Test_scrip5" name="updatedAccount">
    <skipped/>
  </testcase> <!-- updatedAccount -->
  <system-out>
    <![CDATA[updated method is Executed]]>
  </system-out>
</testsuite> <!-- com.Test.Test_scrip5 -->
