<?xml version="1.0" encoding="UTF-8"?>
<!-- Generated by org.testng.reporters.JUnitReportReporter -->
<testsuite hostname="Aakanksha" failures="0" tests="3" name="com.Test.Test_Script1" time="0.025" errors="0" timestamp="2024-02-17T19:14:05 IST" skipped="0">
  <testcase classname="com.Test.Test_Script1" name="updateAccount" time="0.004">
    <system-out>
      <![CDATA[Updated Account Method Executed]]>
    </system-out>
  </testcase> <!-- updateAccount -->
  <testcase classname="com.Test.Test_Script1" name="updateAccount" time="0.017">
    <system-out>
      <![CDATA[Updated Account Method Executed]]>
    </system-out>
  </testcase> <!-- updateAccount -->
  <testcase classname="com.Test.Test_Script1" name="updateAccount" time="0.004">
    <system-out>
      <![CDATA[Updated Account Method Executed]]>
    </system-out>
  </testcase> <!-- updateAccount -->
  <system-out>
    <![CDATA[Updated Account Method Executed
Updated Account Method Executed
Updated Account Method Executed]]>
  </system-out>
</testsuite> <!-- com.Test.Test_Script1 -->
