<?xml version="1.0" encoding="UTF-8"?>
<!-- Generated by org.testng.reporters.JUnitReportReporter -->
<testsuite hostname="Aakanksha" failures="0" tests="2" name="com.Testng.Date_Provider" time="0.017" errors="0" timestamp="2024-02-24T13:46:16 IST" skipped="0">
  <testcase classname="com.Testng.Date_Provider" name="signup" time="0.011">
    <system-out>
      <![CDATA[ADMIN1
MANAGER1]]>
    </system-out>
  </testcase> <!-- signup -->
  <testcase classname="com.Testng.Date_Provider" name="signup" time="0.006">
    <system-out>
      <![CDATA[ADMIN2
MANAGER2]]>
    </system-out>
  </testcase> <!-- signup -->
  <system-out>
    <![CDATA[ADMIN1
MANAGER1
ADMIN2
MANAGER2]]>
  </system-out>
</testsuite> <!-- com.Testng.Date_Provider -->
