<?xml version="1.0" encoding="UTF-8"?>
<!-- Generated by org.testng.reporters.JUnitReportReporter -->
<testsuite hostname="Aakanksha" failures="0" tests="5" name="com.Test.Test_Script" time="0.035" errors="0" timestamp="2024-02-17T19:06:59 IST" skipped="0">
  <testcase classname="com.Test.Test_Script" name="EditAccount" time="0.016">
    <system-out>
      <![CDATA[Edit Account Method Executed]]>
    </system-out>
  </testcase> <!-- EditAccount -->
  <testcase classname="com.Test.Test_Script" name="readAccount" time="0.006">
    <system-out>
      <![CDATA[Read Account Method Executed]]>
    </system-out>
  </testcase> <!-- readAccount -->
  <testcase classname="com.Test.Test_Script" name="updateAccount" time="0.003">
    <system-out>
      <![CDATA[Updated Account Method Executed]]>
    </system-out>
  </testcase> <!-- updateAccount -->
  <testcase classname="com.Test.Test_Script" name="deleteAccount" time="0.005">
    <system-out>
      <![CDATA[delete Account Method Executed]]>
    </system-out>
  </testcase> <!-- deleteAccount -->
  <testcase classname="com.Test.Test_Script" name="CreateAccount" time="0.005">
    <system-out>
      <![CDATA[Create Account method Executed]]>
    </system-out>
  </testcase> <!-- CreateAccount -->
  <system-out>
    <![CDATA[Edit Account Method Executed
Read Account Method Executed
Updated Account Method Executed
delete Account Method Executed
Create Account method Executed]]>
  </system-out>
</testsuite> <!-- com.Test.Test_Script -->
