<?xml version="1.0" encoding="UTF-8"?>
<!-- Generated by org.testng.reporters.JUnitReportReporter -->
<testsuite hostname="Aakanksha" failures="0" tests="2" name="com.Test.Test_Script2" time="0.025" errors="0" timestamp="2024-02-18T12:45:28 IST" skipped="0">
  <testcase classname="com.Test.Test_Script2" name="LoginPage" time="0.002">
    <system-out>
      <![CDATA[LoginPage method executed]]>
    </system-out>
  </testcase> <!-- LoginPage -->
  <testcase classname="com.Test.Test_Script2" name="signup" time="0.023">
    <system-out>
      <![CDATA[Signup Method Executed]]>
    </system-out>
  </testcase> <!-- signup -->
  <system-out>
    <![CDATA[Signup Method Executed
LoginPage method executed]]>
  </system-out>
</testsuite> <!-- com.Test.Test_Script2 -->
