<?xml version="1.0" encoding="UTF-8"?>
<!-- Generated by org.testng.reporters.JUnitReportReporter -->
<testsuite hostname="Aakanksha" failures="0" tests="1" name="MavenScrip.Script1" time="0.031" errors="0" timestamp="2024-02-13T18:10:51 IST" skipped="0">
  <testcase classname="MavenScrip.Script1" name="Script12" time="0.031">
    <system-out>
      <![CDATA[hiii]]>
    </system-out>
  </testcase> <!-- Script12 -->
  <system-out>
    <![CDATA[hiii]]>
  </system-out>
</testsuite> <!-- MavenScrip.Script1 -->
