<?xml version="1.0" encoding="UTF-8"?>
<!-- Generated by org.testng.reporters.JUnitReportReporter -->
<testsuite hostname="Aakanksha" failures="0" tests="2" name="include_Exlude.launch" time="0.022" errors="0" timestamp="2024-02-16T15:42:00 IST" skipped="0">
  <testcase classname="include_Exlude.launch" name="Launchverify" time="0.017">
    <system-out>
      <![CDATA[Launch URL is working ]]>
    </system-out>
  </testcase> <!-- Launchverify -->
  <testcase classname="include_Exlude.launch" name="launchApp" time="0.005">
    <system-out>
      <![CDATA[Launch is working fine ]]>
    </system-out>
  </testcase> <!-- launchApp -->
  <system-out>
    <![CDATA[Launch URL is working 
Launch is working fine ]]>
  </system-out>
</testsuite> <!-- include_Exlude.launch -->
