<?xml version="1.0" encoding="UTF-8"?>
<!-- Generated by org.testng.reporters.JUnitReportReporter -->
<testsuite hostname="Aakanksha" failures="0" tests="2" name="include_Exclude.Home" time="0.015" errors="0" timestamp="2024-02-18T19:01:32 IST" skipped="0">
  <testcase classname="include_Exclude.Home" name="Homeverify" time="0.004">
    <system-out>
      <![CDATA[Home page verify ]]>
    </system-out>
  </testcase> <!-- Homeverify -->
  <testcase classname="include_Exclude.Home" name="HomeApp" time="0.011">
    <system-out>
      <![CDATA[Home page of App is working ]]>
    </system-out>
  </testcase> <!-- HomeApp -->
  <system-out>
    <![CDATA[Logout linkis working fine 
Logout successful 
Login App process is working 
Login is working  
Launch URL is working 
Launch is working fine 
Home page of App is working 
Home page verify ]]>
  </system-out>
</testsuite> <!-- include_Exclude.Home -->
