<?xml version="1.0" encoding="UTF-8"?>
<!-- Generated by org.testng.reporters.JUnitReportReporter -->
<testsuite hostname="Aakanksha" failures="0" tests="5" name="com.Testng.Test_Script1" time="0.018" errors="0" timestamp="2024-02-18T12:32:57 IST" skipped="0">
  <testcase classname="com.Testng.Test_Script1" name="EditAccount" time="0.009">
    <system-out>
      <![CDATA[Edit Account Method Executed]]>
    </system-out>
  </testcase> <!-- EditAccount -->
  <testcase classname="com.Testng.Test_Script1" name="readAccount" time="0.002">
    <system-out>
      <![CDATA[Read Account Method Executed]]>
    </system-out>
  </testcase> <!-- readAccount -->
  <testcase classname="com.Testng.Test_Script1" name="updateAccount" time="0.003">
    <system-out>
      <![CDATA[Updated Account Method Executed]]>
    </system-out>
  </testcase> <!-- updateAccount -->
  <testcase classname="com.Testng.Test_Script1" name="deleteAccount" time="0.002">
    <system-out>
      <![CDATA[delete Account Method Executed]]>
    </system-out>
  </testcase> <!-- deleteAccount -->
  <testcase classname="com.Testng.Test_Script1" name="CreateAccount" time="0.002">
    <system-out>
      <![CDATA[Create Account method Executed]]>
    </system-out>
  </testcase> <!-- CreateAccount -->
  <system-out>
    <![CDATA[Edit Account Method Executed
Read Account Method Executed
Updated Account Method Executed
delete Account Method Executed
Create Account method Executed]]>
  </system-out>
</testsuite> <!-- com.Testng.Test_Script1 -->
