<?xml version="1.0" encoding="UTF-8"?>
<!-- Generated by org.testng.reporters.JUnitReportReporter -->
<testsuite hostname="Aakanksha" failures="0" tests="2" name="include_Exclude.Logout" time="0.020" errors="0" timestamp="2024-02-18T19:01:33 IST" skipped="0">
  <testcase classname="include_Exclude.Logout" name="verifylogout" time="0.004">
    <system-out>
      <![CDATA[Logout successful ]]>
    </system-out>
  </testcase> <!-- verifylogout -->
  <testcase classname="include_Exclude.Logout" name="logoutApp" time="0.016">
    <system-out>
      <![CDATA[Logout linkis working fine ]]>
    </system-out>
  </testcase> <!-- logoutApp -->
  <system-out>
    <![CDATA[Logout linkis working fine 
Logout successful 
Login App process is working 
Login is working  
Launch URL is working 
Launch is working fine 
Home page of App is working 
Home page verify ]]>
  </system-out>
</testsuite> <!-- include_Exclude.Logout -->
