<?xml version="1.0" encoding="UTF-8"?>
<!-- Generated by org.testng.reporters.JUnitReportReporter -->
<testsuite hostname="Aakanksha" failures="0" tests="2" name="include_Exclude.Launch" time="0.042" errors="0" timestamp="2024-02-18T19:01:33 IST" skipped="0">
  <testcase classname="include_Exclude.Launch" name="Launchverify" time="0.029">
    <system-out>
      <![CDATA[Launch URL is working ]]>
    </system-out>
  </testcase> <!-- Launchverify -->
  <testcase classname="include_Exclude.Launch" name="launchApp" time="0.013">
    <system-out>
      <![CDATA[Launch is working fine ]]>
    </system-out>
  </testcase> <!-- launchApp -->
  <system-out>
    <![CDATA[Logout linkis working fine 
Logout successful 
Login App process is working 
Login is working  
Launch URL is working 
Launch is working fine 
Home page of App is working 
Home page verify ]]>
  </system-out>
</testsuite> <!-- include_Exclude.Launch -->
