<?xml version="1.0" encoding="UTF-8"?>
<!-- Generated by org.testng.reporters.JUnitReportReporter -->
<testsuite hostname="Aakanksha" failures="0" tests="1" name="include_Exlude.Homepage" time="0.016" errors="0" timestamp="2024-02-16T15:35:37 IST" skipped="0">
  <testcase classname="include_Exlude.Homepage" name="HomeApp" time="0.016">
    <system-out>
      <![CDATA[Home page of App is working ]]>
    </system-out>
  </testcase> <!-- HomeApp -->
  <system-out>
    <![CDATA[Home page of App is working ]]>
  </system-out>
</testsuite> <!-- include_Exlude.Homepage -->
