<?xml version="1.0" encoding="UTF-8"?>
<!-- Generated by org.testng.reporters.JUnitReportReporter -->
<testsuite hostname="Aakanksha" failures="0" tests="4" name="com.Testng.Test_Script4" time="0.028" errors="0" timestamp="2024-02-18T19:10:48 IST" skipped="0">
  <testcase classname="com.Testng.Test_Script4" name="m4" time="0.002">
    <system-out>
      <![CDATA[M4 method is Executed]]>
    </system-out>
  </testcase> <!-- m4 -->
  <testcase classname="com.Testng.Test_Script4" name="m1" time="0.019">
    <system-out>
      <![CDATA[M1 method is Executed]]>
    </system-out>
  </testcase> <!-- m1 -->
  <testcase classname="com.Testng.Test_Script4" name="m3" time="0.005">
    <system-out>
      <![CDATA[M3 method is Executed]]>
    </system-out>
  </testcase> <!-- m3 -->
  <testcase classname="com.Testng.Test_Script4" name="m2" time="0.002">
    <system-out>
      <![CDATA[M2 method is Executed]]>
    </system-out>
  </testcase> <!-- m2 -->
  <system-out>
    <![CDATA[M1 method is Executed
M2 method is Executed
M3 method is Executed
M4 method is Executed]]>
  </system-out>
</testsuite> <!-- com.Testng.Test_Script4 -->
